<?xml version="1.0" encoding="UTF-8"?>
<robot generator="Robot 3.0 (Jython 2.7.0 on java1.8.0_121)" generated="20180214 20:36:52.869">
<suite source="C:\Users\Alexander\Documents\GitHub\cs310-tic-tac-toe\src\test\acceptancetest" name="Acceptancetest" id="s1">
<suite source="C:\Users\Alexander\Documents\GitHub\cs310-tic-tac-toe\src\test\acceptancetest\TicTacToeGUITests.robot" name="TicTacToeGUITests" id="s1-s1">
<test name="Win Diagonally as X" id="s1-s1-t1">
<kw name="Start New Game">
<kw library="SwingLibrary" name="Start Application">
<doc>Alias for `Launch Application` keyword</doc>
<arguments>
<arg>edu.jsu.mcis.TicTacToe</arg>
</arguments>
