<?xml version="1.0" encoding="UTF-8"?>
<robot generator="Robot 3.0 (Jython 2.7.0 on java1.8.0_121)" generated="20180214 18:17:28.632">
<suite source="C:\Users\Alexander\Documents\GitHub\cs310-tic-tac-toe\src\test\acceptancetest" name="Acceptancetest" id="s1">
<suite source="C:\Users\Alexander\Documents\GitHub\cs310-tic-tac-toe\src\test\acceptancetest\TicTacToeTests.robot" name="TicTacToeTests" id="s1-s1">
<test name="Win Diagonally as X" id="s1-s1-t1">
<kw library="keywords.TicTacToeKeywords" name="Start New Game">
<status endtime="20180214 18:17:28.853" starttime="20180214 18:17:28.849" status="PASS"></status>
</kw>
<kw library="keywords.TicTacToeKeywords" name="Mark Location">
<arguments>
<arg>1</arg>
<arg>1</arg>
</arguments>
<status endtime="20180214 18:17:28.861" starttime="20180214 18:17:28.855" status="PASS"></status>
</kw>
<kw name="Check Location">
<arguments>
<arg>1</arg>
<arg>1</arg>
<arg>X</arg>
</arguments>
<kw library="keywords.TicTacToeKeywords" name="Get Mark">
<arguments>
<arg>${row}</arg>
<arg>${col}</arg>
</arguments>
<assign>
<var>${m}</var>
</assign>
<msg level="INFO" timestamp="20180214 18:17:28.873">${m} = X</msg>
<status endtime="20180214 18:17:28.874" starttime="20180214 18:17:28.867" status="PASS"></status>
</kw>
<kw library="BuiltIn" name="Should Be Equal">
<doc>Fails if the given objects are unequal.</doc>
<arguments>
<arg>${m}</arg>
<arg>${mark}</arg>
</arguments>
<status endtime="20180214 18:17:28.880" starttime="20180214 18:17:28.876" status="PASS"></status>
</kw>
<status endtime="20180214 18:17:28.882" starttime="20180214 18:17:28.863" status="PASS"></status>
</kw>
<kw library="keywords.TicTacToeKeywords" name="Mark Location">
<arguments>
<arg>0</arg>
<arg>1</arg>
</arguments>
<status endtime="20180214 18:17:28.886" starttime="20180214 18:17:28.883" status="PASS"></status>
</kw>
<kw name="Check Location">
<arguments>
<arg>0</arg>
<arg>1</arg>
<arg>O</arg>
</arguments>
<kw library="keywords.TicTacToeKeywords" name="Get Mark">
<arguments>
<arg>${row}</arg>
<arg>${col}</arg>
</arguments>
<assign>
<var>${m}</var>
</assign>
<msg level="INFO" timestamp="20180214 18:17:28.896">${m} = O</msg>
<status endtime="20180214 18:17:28.897" starttime="20180214 18:17:28.891" status="PASS"></status>
</kw>
<kw library="BuiltIn" name="Should Be Equal">
<doc>Fails if the given objects are unequal.</doc>
<arguments>
<arg>${m}</arg>
<arg>${mark}</arg>
</arguments>
<status endtime="20180214 18:17:28.902" starttime="20180214 18:17:28.898" status="PASS"></status>
</kw>
<status endtime="20180214 18:17:28.904" starttime="20180214 18:17:28.888" status="PASS"></status>
</kw>
<kw library="keywords.TicTacToeKeywords" name="Mark Location">
<arguments>
<arg>0</arg>
<arg>0</arg>
</arguments>
<status endtime="20180214 18:17:28.908" starttime="20180214 18:17:28.905" status="PASS"></status>
</kw>
<kw name="Check Location">
<arguments>
<arg>0</arg>
<arg>0</arg>
<arg>X</arg>
</arguments>
<kw library="keywords.TicTacToeKeywords" name="Get Mark">
<arguments>
<arg>${row}</arg>
<arg>${col}</arg>
</arguments>
<assign>
<var>${m}</var>
</assign>
<msg level="INFO" timestamp="20180214 18:17:28.915">${m} = X</msg>
<status endtime="20180214 18:17:28.916" starttime="20180214 18:17:28.912" status="PASS"></status>
</kw>
<kw library="BuiltIn" name="Should Be Equal">
<doc>Fails if the given objects are unequal.</doc>
<arguments>
<arg>${m}</arg>
<arg>${mark}</arg>
</arguments>
<status endtime="20180214 18:17:28.920" starttime="20180214 18:17:28.917" status="PASS"></status>
</kw>
<status endtime="20180214 18:17:28.922" starttime="20180214 18:17:28.909" status="PASS"></status>
</kw>
<kw library="keywords.TicTacToeKeywords" name="Mark Location">
<arguments>
<arg>0</arg>
<arg>2</arg>
</arguments>
<status endtime="20180214 18:17:28.927" starttime="20180214 18:17:28.924" status="PASS"></status>
</kw>
<kw name="Check Location">
<arguments>
<arg>0</arg>
<arg>2</arg>
<arg>O</arg>
</arguments>
<kw library="keywords.TicTacToeKeywords" name="Get Mark">
<arguments>
<arg>${row}</arg>
<arg>${col}</arg>
</arguments>
<assign>
<var>${m}</var>
</assign>
<msg level="INFO" timestamp="20180214 18:17:28.934">${m} = O</msg>
<status endtime="20180214 18:17:28.935" starttime="20180214 18:17:28.931" status="PASS"></status>
</kw>
<kw library="BuiltIn" name="Should Be Equal">
<doc>Fails if the given objects are unequal.</doc>
<arguments>
<arg>${m}</arg>
<arg>${mark}</arg>
</arguments>
<status endtime="20180214 18:17:28.939" starttime="20180214 18:17:28.936" status="PASS"></status>
</kw>
<status endtime="20180214 18:17:28.941" starttime="20180214 18:17:28.928" status="PASS"></status>
</kw>
<kw library="keywords.TicTacToeKeywords" name="Mark Location">
<arguments>
<arg>2</arg>
<arg>2</arg>
</arguments>
<status endtime="20180214 18:17:28.944" starttime="20180214 18:17:28.942" status="PASS"></status>
</kw>
<kw name="Check Location">
<arguments>
<arg>2</arg>
<arg>2</arg>
<arg>X</arg>
</arguments>
<kw library="keywords.TicTacToeKeywords" name="Get Mark">
<arguments>
<arg>${row}</arg>
<arg>${col}</arg>
</arguments>
<assign>
<var>${m}</var>
</assign>
<msg level="INFO" timestamp="20180214 18:17:28.949">${m} = X</msg>
<status endtime="20180214 18:17:28.951" starttime="20180214 18:17:28.947" status="PASS"></status>
</kw>
<kw library="BuiltIn" name="Should Be Equal">
<doc>Fails if the given objects are unequal.</doc>
<arguments>
<arg>${m}</arg>
<arg>${mark}</arg>
</arguments>
<status endtime="20180214 18:17:28.955" starttime="20180214 18:17:28.952" status="PASS"></status>
</kw>
<status endtime="20180214 18:17:28.957" starttime="20180214 18:17:28.945" status="PASS"></status>
</kw>
<kw name="Winner Should Be">
<arguments>
<arg>X</arg>
</arguments>
<kw library="keywords.TicTacToeKeywords" name="Get Winner">
<assign>
<var>${m}</var>
</assign>
<msg level="INFO" timestamp="20180214 18:17:28.963">${m} = X</msg>
<status endtime="20180214 18:17:28.964" starttime="20180214 18:17:28.960" status="PASS"></status>
</kw>
<kw library="BuiltIn" name="Should Be Equal">
<doc>Fails if the given objects are unequal.</doc>
<arguments>
<arg>${m}</arg>
<arg>${mark}</arg>
</arguments>
<status endtime="20180214 18:17:28.967" starttime="20180214 18:17:28.964" status="PASS"></status>
</kw>
<status endtime="20180214 18:17:28.968" starttime="20180214 18:17:28.958" status="PASS"></status>
</kw>
<status critical="yes" endtime="20180214 18:17:28.969" starttime="20180214 18:17:28.844" status="PASS"></status>
</test>
<test name="Win Horizontally as O" id="s1-s1-t2">
<kw library="keywords.TicTacToeKeywords" name="Start New Game">
<status endtime="20180214 18:17:28.976" starttime="20180214 18:17:28.975" status="PASS"></status>
</kw>
<kw library="keywords.TicTacToeKeywords" name="Mark Location">
<arguments>
<arg>1</arg>
<arg>1</arg>
</arguments>
<status endtime="20180214 18:17:28.978" starttime="20180214 18:17:28.977" status="PASS"></status>
</kw>
<kw name="Check Location">
<arguments>
<arg>1</arg>
<arg>1</arg>
<arg>X</arg>
</arguments>
<kw library="keywords.TicTacToeKeywords" name="Get Mark">
<arguments>
<arg>${row}</arg>
<arg>${col}</arg>
</arguments>
<assign>
<var>${m}</var>
</assign>
<msg level="INFO" timestamp="20180214 18:17:28.984">${m} = X</msg>
<status endtime="20180214 18:17:28.985" starttime="20180214 18:17:28.981" status="PASS"></status>
</kw>
<kw library="BuiltIn" name="Should Be Equal">
<doc>Fails if the given objects are unequal.</doc>
<arguments>
<arg>${m}</arg>
<arg>${mark}</arg>
</arguments>
<status endtime="20180214 18:17:28.989" starttime="20180214 18:17:28.986" status="PASS"></status>
</kw>
<status endtime="20180214 18:17:28.991" starttime="20180214 18:17:28.979" status="PASS"></status>
</kw>
<kw library="keywords.TicTacToeKeywords" name="Mark Location">
<arguments>
<arg>2</arg>
<arg>0</arg>
</arguments>
<status endtime="20180214 18:17:28.995" starttime="20180214 18:17:28.992" status="PASS"></status>
</kw>
<kw name="Check Location">
<arguments>
<arg>2</arg>
<arg>0</arg>
<arg>O</arg>
</arguments>
<kw library="keywords.TicTacToeKeywords" name="Get Mark">
<arguments>
<arg>${row}</arg>
<arg>${col}</arg>
</arguments>
<assign>
<var>${m}</var>
</assign>
<msg level="INFO" timestamp="20180214 18:17:29.002">${m} = O</msg>
<status endtime="20180214 18:17:29.002" starttime="20180214 18:17:28.999" status="PASS"></status>
</kw>
<kw library="BuiltIn" name="Should Be Equal">
<doc>Fails if the given objects are unequal.</doc>
<arguments>
<arg>${m}</arg>
<arg>${mark}</arg>
</arguments>
<status endtime="20180214 18:17:29.008" starttime="20180214 18:17:29.005" status="PASS"></status>
</kw>
<status endtime="20180214 18:17:29.009" starttime="20180214 18:17:28.996" status="PASS"></status>
</kw>
<kw library="keywords.TicTacToeKeywords" name="Mark Location">
<arguments>
<arg>0</arg>
<arg>0</arg>
</arguments>
<status endtime="20180214 18:17:29.012" starttime="20180214 18:17:29.010" status="PASS"></status>
</kw>
<kw name="Check Location">
<arguments>
<arg>0</arg>
<arg>0</arg>
<arg>X</arg>
</arguments>
<kw library="keywords.TicTacToeKeywords" name="Get Mark">
<arguments>
<arg>${row}</arg>
<arg>${col}</arg>
</arguments>
<assign>
<var>${m}</var>
</assign>
<msg level="INFO" timestamp="20180214 18:17:29.016">${m} = X</msg>
<status endtime="20180214 18:17:29.017" starttime="20180214 18:17:29.014" status="PASS"></status>
</kw>
<kw library="BuiltIn" name="Should Be Equal">
<doc>Fails if the given objects are unequal.</doc>
<arguments>
<arg>${m}</arg>
<arg>${mark}</arg>
</arguments>
<status endtime="20180214 18:17:29.019" starttime="20180214 18:17:29.017" status="PASS"></status>
</kw>
<status endtime="20180214 18:17:29.021" starttime="20180214 18:17:29.012" status="PASS"></status>
</kw>
<kw library="keywords.TicTacToeKeywords" name="Mark Location">
<arguments>
<arg>2</arg>
<arg>2</arg>
</arguments>
<status endtime="20180214 18:17:29.024" starttime="20180214 18:17:29.022" status="PASS"></status>
</kw>
<kw name="Check Location">
<arguments>
<arg>2</arg>
<arg>2</arg>
<arg>O</arg>
</arguments>
<kw library="keywords.TicTacToeKeywords" name="Get Mark">
<arguments>
<arg>${row}</arg>
<arg>${col}</arg>
</arguments>
<assign>
<var>${m}</var>
</assign>
<msg level="INFO" timestamp="20180214 18:17:29.030">${m} = O</msg>
<status endtime="20180214 18:17:29.031" starttime="20180214 18:17:29.027" status="PASS"></status>
</kw>
<kw library="BuiltIn" name="Should Be Equal">
<doc>Fails if the given objects are unequal.</doc>
<arguments>
<arg>${m}</arg>
<arg>${mark}</arg>
</arguments>
<status endtime="20180214 18:17:29.036" starttime="20180214 18:17:29.032" status="PASS"></status>
</kw>
<status endtime="20180214 18:17:29.037" starttime="20180214 18:17:29.025" status="PASS"></status>
</kw>
<kw library="keywords.TicTacToeKeywords" name="Mark Location">
<arguments>
<arg>0</arg>
<arg>2</arg>
</arguments>
<status endtime="20180214 18:17:29.041" starttime="20180214 18:17:29.039" status="PASS"></status>
</kw>
<kw name="Check Location">
<arguments>
<arg>0</arg>
<arg>2</arg>
<arg>X</arg>
</arguments>
<kw library="keywords.TicTacToeKeywords" name="Get Mark">
<arguments>
<arg>${row}</arg>
<arg>${col}</arg>
</arguments>
<assign>
<var>${m}</var>
</assign>
<msg level="INFO" timestamp="20180214 18:17:29.048">${m} = X</msg>
<status endtime="20180214 18:17:29.048" starttime="20180214 18:17:29.045" status="PASS"></status>
</kw>
<kw library="BuiltIn" name="Should Be Equal">
<doc>Fails if the given objects are unequal.</doc>
<arguments>
<arg>${m}</arg>
<arg>${mark}</arg>
</arguments>
<status endtime="20180214 18:17:29.053" starttime="20180214 18:17:29.050" status="PASS"></status>
</kw>
<status endtime="20180214 18:17:29.056" starttime="20180214 18:17:29.042" status="PASS"></status>
</kw>
<kw library="keywords.TicTacToeKeywords" name="Mark Location">
<arguments>
<arg>2</arg>
<arg>1</arg>
</arguments>
<status endtime="20180214 18:17:29.060" starttime="20180214 18:17:29.057" status="PASS"></status>
</kw>
<kw name="Check Location">
<arguments>
<arg>2</arg>
<arg>1</arg>
<arg>O</arg>
</arguments>
<kw library="keywords.TicTacToeKeywords" name="Get Mark">
<arguments>
<arg>${row}</arg>
<arg>${col}</arg>
</arguments>
<assign>
<var>${m}</var>
</assign>
<msg level="INFO" timestamp="20180214 18:17:29.067">${m} = O</msg>
<status endtime="20180214 18:17:29.067" starttime="20180214 18:17:29.064" status="PASS"></status>
</kw>
<kw library="BuiltIn" name="Should Be Equal">
<doc>Fails if the given objects are unequal.</doc>
<arguments>
<arg>${m}</arg>
<arg>${mark}</arg>
</arguments>
<status endtime="20180214 18:17:29.072" starttime="20180214 18:17:29.068" status="PASS"></status>
</kw>
<status endtime="20180214 18:17:29.074" starttime="20180214 18:17:29.061" status="PASS"></status>
</kw>
<kw name="Winner Should Be">
<arguments>
<arg>O</arg>
</arguments>
<kw library="keywords.TicTacToeKeywords" name="Get Winner">
<assign>
<var>${m}</var>
</assign>
<msg level="INFO" timestamp="20180214 18:17:29.079">${m} = O</msg>
<status endtime="20180214 18:17:29.079" starttime="20180214 18:17:29.077" status="PASS"></status>
</kw>
<kw library="BuiltIn" name="Should Be Equal">
<doc>Fails if the given objects are unequal.</doc>
<arguments>
<arg>${m}</arg>
<arg>${mark}</arg>
</arguments>
<status endtime="20180214 18:17:29.083" starttime="20180214 18:17:29.080" status="PASS"></status>
</kw>
<status endtime="20180214 18:17:29.084" starttime="20180214 18:17:29.075" status="PASS"></status>
</kw>
<status critical="yes" endtime="20180214 18:17:29.085" starttime="20180214 18:17:28.972" status="PASS"></status>
</test>
<test name="Force a Tie" id="s1-s1-t3">
<kw library="keywords.TicTacToeKeywords" name="Start New Game">
<status endtime="20180214 18:17:29.093" starttime="20180214 18:17:29.092" status="PASS"></status>
</kw>
<kw library="keywords.TicTacToeKeywords" name="Mark Location">
<arguments>
<arg>1</arg>
<arg>1</arg>
</arguments>
<status endtime="20180214 18:17:29.097" starttime="20180214 18:17:29.095" status="PASS"></status>
</kw>
<kw name="Check Location">
<arguments>
<arg>1</arg>
<arg>1</arg>
<arg>X</arg>
</arguments>
<kw library="keywords.TicTacToeKeywords" name="Get Mark">
<arguments>
<arg>${row}</arg>
<arg>${col}</arg>
</arguments>
<assign>
<var>${m}</var>
</assign>
<msg level="INFO" timestamp="20180214 18:17:29.103">${m} = X</msg>
<status endtime="20180214 18:17:29.104" starttime="20180214 18:17:29.100" status="PASS"></status>
</kw>
<kw library="BuiltIn" name="Should Be Equal">
<doc>Fails if the given objects are unequal.</doc>
<arguments>
<arg>${m}</arg>
<arg>${mark}</arg>
</arguments>
<status endtime="20180214 18:17:29.110" starttime="20180214 18:17:29.106" status="PASS"></status>
</kw>
<status endtime="20180214 18:17:29.111" starttime="20180214 18:17:29.098" status="PASS"></status>
</kw>
<kw library="keywords.TicTacToeKeywords" name="Mark Location">
<arguments>
<arg>0</arg>
<arg>0</arg>
</arguments>
<status endtime="20180214 18:17:29.114" starttime="20180214 18:17:29.112" status="PASS"></status>
</kw>
<kw name="Check Location">
<arguments>
<arg>0</arg>
<arg>0</arg>
<arg>O</arg>
</arguments>
<kw library="keywords.TicTacToeKeywords" name="Get Mark">
<arguments>
<arg>${row}</arg>
<arg>${col}</arg>
</arguments>
<assign>
<var>${m}</var>
</assign>
<msg level="INFO" timestamp="20180214 18:17:29.119">${m} = O</msg>
<status endtime="20180214 18:17:29.119" starttime="20180214 18:17:29.117" status="PASS"></status>
</kw>
<kw library="BuiltIn" name="Should Be Equal">
<doc>Fails if the given objects are unequal.</doc>
<arguments>
<arg>${m}</arg>
<arg>${mark}</arg>
</arguments>
<status endtime="20180214 18:17:29.124" starttime="20180214 18:17:29.120" status="PASS"></status>
</kw>
<status endtime="20180214 18:17:29.125" starttime="20180214 18:17:29.115" status="PASS"></status>
</kw>
<kw library="keywords.TicTacToeKeywords" name="Mark Location">
<arguments>
<arg>2</arg>
<arg>0</arg>
</arguments>
<status endtime="20180214 18:17:29.127" starttime="20180214 18:17:29.126" status="PASS"></status>
</kw>
<kw name="Check Location">
<arguments>
<arg>2</arg>
<arg>0</arg>
<arg>X</arg>
</arguments>
<kw library="keywords.TicTacToeKeywords" name="Get Mark">
<arguments>
<arg>${row}</arg>
<arg>${col}</arg>
</arguments>
<assign>
<var>${m}</var>
</assign>
<msg level="INFO" timestamp="20180214 18:17:29.132">${m} = X</msg>
<status endtime="20180214 18:17:29.132" starttime="20180214 18:17:29.130" status="PASS"></status>
</kw>
<kw library="BuiltIn" name="Should Be Equal">
<doc>Fails if the given objects are unequal.</doc>
<arguments>
<arg>${m}</arg>
<arg>${mark}</arg>
</arguments>
<status endtime="20180214 18:17:29.135" starttime="20180214 18:17:29.133" status="PASS"></status>
</kw>
<status endtime="20180214 18:17:29.136" starttime="20180214 18:17:29.128" status="PASS"></status>
</kw>
<kw library="keywords.TicTacToeKeywords" name="Mark Location">
<arguments>
<arg>0</arg>
<arg>2</arg>
</arguments>
<status endtime="20180214 18:17:29.140" starttime="20180214 18:17:29.137" status="PASS"></status>
</kw>
<kw name="Check Location">
<arguments>
<arg>0</arg>
<arg>2</arg>
<arg>O</arg>
</arguments>
<kw library="keywords.TicTacToeKeywords" name="Get Mark">
<arguments>
<arg>${row}</arg>
<arg>${col}</arg>
</arguments>
<assign>
<var>${m}</var>
</assign>
<msg level="INFO" timestamp="20180214 18:17:29.146">${m} = O</msg>
<status endtime="20180214 18:17:29.147" starttime="20180214 18:17:29.143" status="PASS"></status>
</kw>
<kw library="BuiltIn" name="Should Be Equal">
<doc>Fails if the given objects are unequal.</doc>
<arguments>
<arg>${m}</arg>
<arg>${mark}</arg>
</arguments>
<status endtime="20180214 18:17:29.151" starttime="20180214 18:17:29.148" status="PASS"></status>
</kw>
<status endtime="20180214 18:17:29.152" starttime="20180214 18:17:29.141" status="PASS"></status>
</kw>
<kw library="keywords.TicTacToeKeywords" name="Mark Location">
<arguments>
<arg>0</arg>
<arg>1</arg>
</arguments>
<status endtime="20180214 18:17:29.156" starttime="20180214 18:17:29.153" status="PASS"></status>
</kw>
<kw name="Check Location">
<arguments>
<arg>0</arg>
<arg>1</arg>
<arg>X</arg>
</arguments>
<kw library="keywords.TicTacToeKeywords" name="Get Mark">
<arguments>
<arg>${row}</arg>
<arg>${col}</arg>
</arguments>
<assign>
<var>${m}</var>
</assign>
<msg level="INFO" timestamp="20180214 18:17:29.162">${m} = X</msg>
<status endtime="20180214 18:17:29.162" starttime="20180214 18:17:29.159" status="PASS"></status>
</kw>
<kw library="BuiltIn" name="Should Be Equal">
<doc>Fails if the given objects are unequal.</doc>
<arguments>
<arg>${m}</arg>
<arg>${mark}</arg>
</arguments>
<status endtime="20180214 18:17:29.165" starttime="20180214 18:17:29.163" status="PASS"></status>
</kw>
<status endtime="20180214 18:17:29.165" starttime="20180214 18:17:29.157" status="PASS"></status>
</kw>
<kw library="keywords.TicTacToeKeywords" name="Mark Location">
<arguments>
<arg>2</arg>
<arg>1</arg>
</arguments>
<status endtime="20180214 18:17:29.167" starttime="20180214 18:17:29.166" status="PASS"></status>
</kw>
<kw name="Check Location">
<arguments>
<arg>2</arg>
<arg>1</arg>
<arg>O</arg>
</arguments>
<kw library="keywords.TicTacToeKeywords" name="Get Mark">
<arguments>
<arg>${row}</arg>
<arg>${col}</arg>
</arguments>
<assign>
<var>${m}</var>
</assign>
<msg level="INFO" timestamp="20180214 18:17:29.172">${m} = O</msg>
<status endtime="20180214 18:17:29.173" starttime="20180214 18:17:29.170" status="PASS"></status>
</kw>
<kw library="BuiltIn" name="Should Be Equal">
<doc>Fails if the given objects are unequal.</doc>
<arguments>
<arg>${m}</arg>
<arg>${mark}</arg>
</arguments>
<status endtime="20180214 18:17:29.175" starttime="20180214 18:17:29.174" status="PASS"></status>
</kw>
<status endtime="20180214 18:17:29.176" starttime="20180214 18:17:29.168" status="PASS"></status>
</kw>
<kw library="keywords.TicTacToeKeywords" name="Mark Location">
<arguments>
<arg>1</arg>
<arg>2</arg>
</arguments>
<status endtime="20180214 18:17:29.178" starttime="20180214 18:17:29.177" status="PASS"></status>
</kw>
<kw name="Check Location">
<arguments>
<arg>1</arg>
<arg>2</arg>
<arg>X</arg>
</arguments>
<kw library="keywords.TicTacToeKeywords" name="Get Mark">
<arguments>
<arg>${row}</arg>
<arg>${col}</arg>
</arguments>
<assign>
<var>${m}</var>
</assign>
<msg level="INFO" timestamp="20180214 18:17:29.183">${m} = X</msg>
<status endtime="20180214 18:17:29.183" starttime="20180214 18:17:29.181" status="PASS"></status>
</kw>
<kw library="BuiltIn" name="Should Be Equal">
<doc>Fails if the given objects are unequal.</doc>
<arguments>
<arg>${m}</arg>
<arg>${mark}</arg>
</arguments>
<status endtime="20180214 18:17:29.186" starttime="20180214 18:17:29.184" status="PASS"></status>
</kw>
<status endtime="20180214 18:17:29.186" starttime="20180214 18:17:29.179" status="PASS"></status>
</kw>
<kw library="keywords.TicTacToeKeywords" name="Mark Location">
<arguments>
<arg>1</arg>
<arg>0</arg>
</arguments>
<status endtime="20180214 18:17:29.190" starttime="20180214 18:17:29.188" status="PASS"></status>
</kw>
<kw name="Check Location">
<arguments>
<arg>1</arg>
<arg>0</arg>
<arg>O</arg>
</arguments>
<kw library="keywords.TicTacToeKeywords" name="Get Mark">
<arguments>
<arg>${row}</arg>
<arg>${col}</arg>
</arguments>
<assign>
<var>${m}</var>
</assign>
<msg level="INFO" timestamp="20180214 18:17:29.195">${m} = O</msg>
<status endtime="20180214 18:17:29.196" starttime="20180214 18:17:29.193" status="PASS"></status>
</kw>
<kw library="BuiltIn" name="Should Be Equal">
<doc>Fails if the given objects are unequal.</doc>
<arguments>
<arg>${m}</arg>
<arg>${mark}</arg>
</arguments>
<status endtime="20180214 18:17:29.198" starttime="20180214 18:17:29.196" status="PASS"></status>
</kw>
<status endtime="20180214 18:17:29.199" starttime="20180214 18:17:29.191" status="PASS"></status>
</kw>
<kw library="keywords.TicTacToeKeywords" name="Mark Location">
<arguments>
<arg>2</arg>
<arg>2</arg>
</arguments>
<status endtime="20180214 18:17:29.201" starttime="20180214 18:17:29.200" status="PASS"></status>
</kw>
<kw name="Check Location">
<arguments>
<arg>2</arg>
<arg>2</arg>
<arg>X</arg>
</arguments>
<kw library="keywords.TicTacToeKeywords" name="Get Mark">
<arguments>
<arg>${row}</arg>
<arg>${col}</arg>
</arguments>
<assign>
<var>${m}</var>
</assign>
<msg level="INFO" timestamp="20180214 18:17:29.206">${m} = X</msg>
<status endtime="20180214 18:17:29.207" starttime="20180214 18:17:29.204" status="PASS"></status>
</kw>
<kw library="BuiltIn" name="Should Be Equal">
<doc>Fails if the given objects are unequal.</doc>
<arguments>
<arg>${m}</arg>
<arg>${mark}</arg>
</arguments>
<status endtime="20180214 18:17:29.209" starttime="20180214 18:17:29.207" status="PASS"></status>
</kw>
<status endtime="20180214 18:17:29.210" starttime="20180214 18:17:29.202" status="PASS"></status>
</kw>
<kw name="Winner Should Be">
<arguments>
<arg>TIE</arg>
</arguments>
<kw library="keywords.TicTacToeKeywords" name="Get Winner">
<assign>
<var>${m}</var>
</assign>
<msg level="INFO" timestamp="20180214 18:17:29.213">${m} = TIE</msg>
<status endtime="20180214 18:17:29.214" starttime="20180214 18:17:29.212" status="PASS"></status>
</kw>
<kw library="BuiltIn" name="Should Be Equal">
<doc>Fails if the given objects are unequal.</doc>
<arguments>
<arg>${m}</arg>
<arg>${mark}</arg>
</arguments>
<status endtime="20180214 18:17:29.216" starttime="20180214 18:17:29.214" status="PASS"></status>
</kw>
<status endtime="20180214 18:17:29.217" starttime="20180214 18:17:29.211" status="PASS"></status>
</kw>
<status critical="yes" endtime="20180214 18:17:29.218" starttime="20180214 18:17:29.089" status="PASS"></status>
</test>
<status endtime="20180214 18:17:29.221" starttime="20180214 18:17:28.806" status="PASS"></status>
</suite>
<status endtime="20180214 18:17:29.229" starttime="20180214 18:17:28.649" status="PASS"></status>
</suite>
<statistics>
<total>
<stat pass="3" fail="0">Critical Tests</stat>
<stat pass="3" fail="0">All Tests</stat>
</total>
<tag>
</tag>
<suite>
<stat pass="3" fail="0" name="Acceptancetest" id="s1">Acceptancetest</stat>
<stat pass="3" fail="0" name="TicTacToeTests" id="s1-s1">Acceptancetest.TicTacToeTests</stat>
</suite>
</statistics>
<errors>
</errors>
</robot>
